sample.interval=20000
"gsub" ".rs.fuzzyMatches" ".rs.getCompletionsSearchPath" "Reduce" "<Anonymous>" 
"lazyLoadDBfetch" "mget" "doTryCatch" "tryCatchOne" "tryCatchList" "tryCatch" ".rs.getHelpFromObject" ".rs.getHelpFunction" "<Anonymous>" 
"lazyLoadDBfetch" "mget" "doTryCatch" "tryCatchOne" "tryCatchList" "tryCatch" ".rs.getHelpFromObject" ".rs.getHelpFunction" "<Anonymous>" 
"lazyLoadDBfetch" "mget" "doTryCatch" "tryCatchOne" "tryCatchList" "tryCatch" ".rs.getHelpFromObject" ".rs.getHelpFunction" "<Anonymous>" 
"lazyLoadDBfetch" "mget" "doTryCatch" "tryCatchOne" "tryCatchList" "tryCatch" ".rs.getHelpFromObject" ".rs.getHelpFunction" "<Anonymous>" 
"lazyLoadDBfetch" "mget" "doTryCatch" "tryCatchOne" "tryCatchList" "tryCatch" ".rs.getHelpFromObject" ".rs.getHelpFunction" "<Anonymous>" 
"lazyLoadDBfetch" "mget" "doTryCatch" "tryCatchOne" "tryCatchList" "tryCatch" ".rs.getHelpFromObject" ".rs.getHelpFunction" "<Anonymous>" 
"lazyLoadDBfetch" "mget" "doTryCatch" "tryCatchOne" "tryCatchList" "tryCatch" ".rs.getHelpFromObject" ".rs.getHelpFunction" "<Anonymous>" 
"lazyLoadDBfetch" "mget" "doTryCatch" "tryCatchOne" "tryCatchList" "tryCatch" ".rs.getHelpFromObject" ".rs.getHelpFunction" "<Anonymous>" 
"lazyLoadDBfetch" "mget" "doTryCatch" "tryCatchOne" "tryCatchList" "tryCatch" ".rs.getHelpFromObject" ".rs.getHelpFunction" "<Anonymous>" 
"lazyLoadDBfetch" "mget" "doTryCatch" "tryCatchOne" "tryCatchList" "tryCatch" ".rs.getHelpFromObject" ".rs.getHelpFunction" "<Anonymous>" 
"lazyLoadDBfetch" "mget" "doTryCatch" "tryCatchOne" "tryCatchList" "tryCatch" ".rs.getHelpFromObject" ".rs.getHelpFunction" "<Anonymous>" 
"as.list" ".rs.getHelpFromObject" ".rs.getHelpFunction" "<Anonymous>" 
"FUN" "lapply" "strwrap" "flushBuffer" "blankLine" "Rd2txt" "tryCatchList" "tryCatch" ".Rd_get_text" ".Rd_get_title" "gsub" ".Rd_format_title" "strwrap" "Rd2HTML" "tools:::httpd" "withCallingHandlers" "suppressWarnings" ".rs.getHelp" ".rs.getHelpFromObject" ".rs.getHelpFunction" "<Anonymous>" 
"lapply" "sapply" "RdTags" "get_link" "writeLink" "writeBlock" "writeContent" "writeWrapped" "writeBlock" "writeContent" "writeSection" "Rd2HTML" "tools:::httpd" "withCallingHandlers" "suppressWarnings" ".rs.getHelp" ".rs.getHelpFromObject" ".rs.getHelpFunction" "<Anonymous>" 
"ls" "FUN" "lapply" ".rs.objectsOnSearchPath" ".rs.getCompletionsSearchPath" "Reduce" "<Anonymous>" 
"normalizePath" "unique" "data" "withCallingHandlers" "suppressWarnings" "doTryCatch" "tryCatchOne" "tryCatchList" "tryCatch" ".rs.getHelpFromObject" ".rs.getHelpFunction" "<Anonymous>" 
"class" ".rs.getHelpFromObject" ".rs.getHelpFunction" "<Anonymous>" 
"lazyLoadDBfetch" "fetch" "fun" "lazyLoadDBexec" "tools:::fetchRdDB" "utils:::.getHelpFile" "prepare_Rd" "Rd2HTML" "tools:::httpd" "withCallingHandlers" "suppressWarnings" ".rs.getHelp" ".rs.getHelpFromObject" ".rs.getHelpFunction" "<Anonymous>" 
"lazyLoadDBfetch" "fetch" "fun" "lazyLoadDBexec" "tools:::fetchRdDB" "utils:::.getHelpFile" "prepare_Rd" "Rd2HTML" "tools:::httpd" "withCallingHandlers" "suppressWarnings" ".rs.getHelp" ".rs.getHelpFromObject" ".rs.getHelpFunction" "<Anonymous>" 
"lazyLoadDBfetch" "fetch" "fun" "lazyLoadDBexec" "tools:::fetchRdDB" "utils:::.getHelpFile" "prepare_Rd" "Rd2HTML" "tools:::httpd" "withCallingHandlers" "suppressWarnings" ".rs.getHelp" ".rs.getHelpFromObject" ".rs.getHelpFunction" "<Anonymous>" 
"grep" "isBlankLineRd" "addParaBreaks" "writeLines" "writeLinesUTF8" "of1" "writeBlock" "writeContent" "writeSection" "Rd2HTML" "tools:::httpd" "withCallingHandlers" "suppressWarnings" ".rs.getHelp" ".rs.getHelpFromObject" ".rs.getHelpFunction" "<Anonymous>" 
"do.call" "doTryCatch" "tryCatchOne" "tryCatchList" "tryCatch" ".rs.getHelpFromObject" ".rs.getHelpFunction" "<Anonymous>" 
"parent.frame" "tryCatch" ".rs.getHelpFromObject" ".rs.getHelpFunction" "<Anonymous>" 
"parent.frame" "tryCatch" ".rs.getHelpFromObject" ".rs.getHelpFunction" "<Anonymous>" 
"parent.frame" "tryCatch" ".rs.getHelpFromObject" ".rs.getHelpFunction" "<Anonymous>" 
"parent.frame" "tryCatch" ".rs.getHelpFromObject" ".rs.getHelpFunction" "<Anonymous>" 
"parent.frame" "tryCatch" ".rs.getHelpFromObject" ".rs.getHelpFunction" "<Anonymous>" 
"close.connection" "close" "readRDS" "index.search" "utils::help" "eval" "eval" "doTryCatch" "tryCatchOne" "tryCatchList" "tryCatch" ".rs.getHelp" ".rs.getHelpFromObject" ".rs.getHelpFunction" "<Anonymous>" 
"fsub" "htmlify" "utils:::getSrcByte" "isBlankLineRd" "addParaBreaks" "writeLines" "writeLinesUTF8" "of1" "writeBlock" "writeContent" "writeContent" "writeSection" "Rd2HTML" "tools:::httpd" "withCallingHandlers" "suppressWarnings" ".rs.getHelp" ".rs.getHelpFromObject" ".rs.getHelpFunction" "<Anonymous>" 
"objects" ".rs.getHelpFromObject" ".rs.getHelpFunction" "<Anonymous>" 
"isBaseNamespace" "getExportedValue" "::" "formals" "as.list" ".rs.getHelpFromObject" ".rs.getHelpFunction" "<Anonymous>" 
"readRDS" "lazyLoadDBexec" "tools:::fetchRdDB" "utils:::.getHelpFile" "prepare_Rd" "Rd2HTML" "tools:::httpd" "withCallingHandlers" "suppressWarnings" ".rs.getHelp" ".rs.getHelpFromObject" ".rs.getHelpFunction" "<Anonymous>" 
"paste0" "writeLines" "writeLinesUTF8" "of0" "writeWrapped" "writeBlock" "writeContent" "writeContent" "writeSection" "Rd2HTML" "tools:::httpd" "withCallingHandlers" "suppressWarnings" ".rs.getHelp" ".rs.getHelpFromObject" ".rs.getHelpFunction" "<Anonymous>" 
"utils:::getSrcByte" "isBlankLineRd" "addParaBreaks" "writeLines" "writeLinesUTF8" "of1" "writeBlock" "writeContent" "writeSection" "Rd2HTML" "tools:::httpd" "withCallingHandlers" "suppressWarnings" ".rs.getHelp" ".rs.getHelpFromObject" ".rs.getHelpFunction" "<Anonymous>" 
"lapply" ".rs.getHelpFromObject" ".rs.getHelpFunction" "<Anonymous>" 
"getExportedValue" "::" "formals" "as.list" ".rs.getHelpFromObject" ".rs.getHelpFunction" "<Anonymous>" 
".Rd_get_section" ".Rd_get_title" "gsub" ".Rd_format_title" "strwrap" "Rd2HTML" "tools:::httpd" "withCallingHandlers" "suppressWarnings" ".rs.getHelp" ".rs.getHelpFromObject" ".rs.getHelpFunction" "<Anonymous>" 
"writeBlock" "writeContent" "writeContent" "writeSection" "Rd2HTML" "tools:::httpd" "withCallingHandlers" "suppressWarnings" ".rs.getHelp" ".rs.getHelpFromObject" ".rs.getHelpFunction" "<Anonymous>" 
"htmlify" "utils:::getSrcByte" "isBlankLineRd" "addParaBreaks" "writeLines" "writeLinesUTF8" "of1" "writeBlock" "writeContent" "writeSection" "Rd2HTML" "tools:::httpd" "withCallingHandlers" "suppressWarnings" ".rs.getHelp" ".rs.getHelpFromObject" ".rs.getHelpFunction" "<Anonymous>" 
"get" ":::" "addParaBreaks" "writeLines" "writeLinesUTF8" "of1" "writeBlock" "writeContent" "writeSection" "Rd2HTML" "tools:::httpd" "withCallingHandlers" "suppressWarnings" ".rs.getHelp" ".rs.getHelpFromObject" ".rs.getHelpFunction" "<Anonymous>" 
"sapply" "RdTags" "get_link" "writeLink" "writeBlock" "writeContent" "writeWrapped" "writeBlock" "writeContent" "writeSection" "Rd2HTML" "tools:::httpd" "withCallingHandlers" "suppressWarnings" ".rs.getHelp" ".rs.getHelpFromObject" ".rs.getHelpFunction" "<Anonymous>" 
"FUN" "vapply" "urlify" "paste0" "writeLink" "writeBlock" "writeContent" "writeWrapped" "writeBlock" "writeContent" "writeSection" "Rd2HTML" "tools:::httpd" "withCallingHandlers" "suppressWarnings" ".rs.getHelp" ".rs.getHelpFromObject" ".rs.getHelpFunction" "<Anonymous>" 
"structure" "grep" "isBlankRd" "writeWrapped" "writeBlock" "writeContent" "writeSection" "Rd2HTML" "tools:::httpd" "withCallingHandlers" "suppressWarnings" ".rs.getHelp" ".rs.getHelpFromObject" ".rs.getHelpFunction" "<Anonymous>" 
"sub" "<Anonymous>" 
"%in%" "getFoldFun" "constantFoldCall" "constantFold" "cmp" "genCode" "cmpfun" "doTryCatch" "tryCatchOne" "tryCatchList" "tryCatch" "compiler:::tryCmpfun" "FUN" "lapply" ".rs.recordTraceback" "<Anonymous>" "eval" "eval" "model.frame.default" "stats::model.frame" "eval" "eval" "lm" 
"findCenvVar" "findFunDef" "cmpCall" "cmp" "cmpComplexAssign" "h" "tryInline" "cmpCall" "cmp" "h" "tryInline" "cmpCall" "cmp" "h" "tryInline" "cmpCall" "cmp" "h" "tryInline" "cmpCall" "cmp" "genCode" "cmpfun" "doTryCatch" "tryCatchOne" "tryCatchList" "tryCatch" "compiler:::tryCmpfun" "FUN" "lapply" ".rs.recordTraceback" "<Anonymous>" "eval" "eval" "model.frame.default" "stats::model.frame" "eval" "eval" "lm" 
".rs.isSourceCall" "FUN" "lapply" ".rs.recordTraceback" "<Anonymous>" "eval" "eval" "model.frame.default" "stats::model.frame" "eval" "eval" "lm" 
"ls" "FUN" "lapply" ".rs.objectsOnSearchPath" ".rs.getCompletionsSearchPath" "Reduce" "<Anonymous>" 
"gzfile" "readRDS" "loadNamespace" "asNamespace" "namespaceImportFrom" "loadNamespace" "asNamespace" "namespaceImportFrom" "loadNamespace" "doTryCatch" "tryCatchOne" "tryCatchList" "tryCatch" "library" 
"lazyLoadDBfetch" ".recacheSubclasses" ".cacheClass" "methods::cacheMetaData" "loadNamespace" "asNamespace" "namespaceImportFrom" "loadNamespace" "doTryCatch" "tryCatchOne" "tryCatchList" "tryCatch" "library" 
"<Anonymous>" "lazyLoadDBfetch" "<Anonymous>" "lazyLoadDBfetch" "genericForBasic" "getGeneric" "methods::cacheMetaData" "loadNamespace" "asNamespace" "namespaceImportFrom" "loadNamespace" "doTryCatch" "tryCatchOne" "tryCatchList" "tryCatch" "library" 
"is" ".checkGroupSigLength" "Recall" ".checkGroupSigLength" ".updateMethodsInTable" "methods::cacheMetaData" "loadNamespace" "asNamespace" "namespaceImportFrom" "loadNamespace" "doTryCatch" "tryCatchOne" "tryCatchList" "tryCatch" "library" 
"lazyLoadDBfetch" "<Anonymous>" "body<-" "makeGeneric" "implicitGeneric" ".genericOrImplicit" "methods::cacheMetaData" "loadNamespace" "asNamespace" "namespaceImportFrom" "loadNamespace" "doTryCatch" "tryCatchOne" "tryCatchList" "tryCatch" "library" 
".mergeMethodsTable" ".updateMethodsInTable" "methods::cacheMetaData" "loadNamespace" "asNamespace" "namespaceImportFrom" "loadNamespace" "doTryCatch" "tryCatchOne" "tryCatchList" "tryCatch" "library" 
"lazyLoadDBfetch" "<Anonymous>" "lazyLoadDBfetch" "<Anonymous>" "lazyLoadDBfetch" "<Anonymous>" "lazyLoadDBfetch" "<Anonymous>" "lazyLoadDBfetch" "<Anonymous>" "lazyLoadDBfetch" "<Anonymous>" "lazyLoadDBfetch" ".updateMethodsInTable" "methods::cacheMetaData" "loadNamespace" "asNamespace" "namespaceImportFrom" "loadNamespace" "doTryCatch" "tryCatchOne" "tryCatchList" "tryCatch" "library" 
"getClassDef" "is" ".checkGroupSigLength" "Recall" ".checkGroupSigLength" ".updateMethodsInTable" ".updateMethodsInTable" ".updateMethodsInTable" "methods::cacheMetaData" "loadNamespace" "asNamespace" "namespaceImportFrom" "loadNamespace" "doTryCatch" "tryCatchOne" "tryCatchList" "tryCatch" "library" 
".recMembers" "Recall" ".recMembers" "getGroupMembers" ".checkGroupSigLength" "Recall" ".checkGroupSigLength" ".updateMethodsInTable" ".updateMethodsInTable" "methods::cacheMetaData" "loadNamespace" "asNamespace" "namespaceImportFrom" "loadNamespace" "doTryCatch" "tryCatchOne" "tryCatchList" "tryCatch" "library" 
"FUN" "lapply" "unlist" "methods:::.getGenerics" "unique" "loadNamespace" "asNamespace" "namespaceImportFrom" "loadNamespace" "doTryCatch" "tryCatchOne" "tryCatchList" "tryCatch" "library" 
"dyn.load" "library.dynam" "loadNamespace" "asNamespace" "namespaceImportFrom" "loadNamespace" "doTryCatch" "tryCatchOne" "tryCatchList" "tryCatch" "library" 
"methods::is" ".registerS3method" "registerS3methods" "loadNamespace" "asNamespace" "namespaceImportFrom" "loadNamespace" "doTryCatch" "tryCatchOne" "tryCatchList" "tryCatch" "library" 
"paste0" "FUN" "lapply" "FUN" "lapply" "assignNativeRoutines" "loadNamespace" "namespaceImport" "loadNamespace" "asNamespace" "namespaceImportFrom" "loadNamespace" "doTryCatch" "tryCatchOne" "tryCatchList" "tryCatch" "library" 
"readRDS" "loadNamespace" "namespaceImport" "loadNamespace" "asNamespace" "namespaceImportFrom" "loadNamespace" "doTryCatch" "tryCatchOne" "tryCatchList" "tryCatch" "library" 
"c" "FUN" "lapply" "FUN" "lapply" "assignNativeRoutines" "loadNamespace" "namespaceImport" "loadNamespace" "asNamespace" "namespaceImportFrom" "loadNamespace" "doTryCatch" "tryCatchOne" "tryCatchList" "tryCatch" "library" 
"::" "registerS3methods" "loadNamespace" "asNamespace" "namespaceImportFrom" "loadNamespace" "doTryCatch" "tryCatchOne" "tryCatchList" "tryCatch" "library" 
"gzfile" "readRDS" "FUN" "lapply" "find.package" "loadNamespace" "asNamespace" "namespaceImportFrom" "loadNamespace" "doTryCatch" "tryCatchOne" "tryCatchList" "tryCatch" "library" 
"lazyLoadDBfetch" "eval" "eval" "doTryCatch" "tryCatchOne" "tryCatchList" "tryCatch" "f" "%N%" "stri_c" "str_c" "strwrap" "make_pretty" ".makeMessage" "packageStartupMessage" "fun" "doTryCatch" "tryCatchOne" "tryCatchList" "tryCatch" "runHook" "attachNamespace" "doTryCatch" "tryCatchOne" "tryCatchList" "tryCatch" "library" 
".Call" ".rs.getKnitParamsForDocument" ".rs.injectKnitrParamsObject" "<Anonymous>" 
"unique" "setdiff" ".rs.getCompletionsPackages" "Reduce" "<Anonymous>" 
"lazyLoadDBfetch" "mget" "doTryCatch" "tryCatchOne" "tryCatchList" "tryCatch" ".rs.getHelpFromObject" ".rs.getHelpFunction" "<Anonymous>" 
"htmlify" "utils:::getSrcByte" "isBlankLineRd" "addParaBreaks" "writeLines" "writeLinesUTF8" "of1" "writeBlock" "writeContent" "writeSection" "Rd2HTML" "tools:::httpd" "withCallingHandlers" "suppressWarnings" ".rs.getHelp" ".rs.getHelpFromObject" ".rs.getHelpFunction" "<Anonymous>" 
"writeLinesUTF8" "of1" "writeBlock" "writeContent" "writeDR" "writeBlock" "writeContent" "writeSection" "Rd2HTML" "tools:::httpd" "withCallingHandlers" "suppressWarnings" ".rs.getHelp" ".rs.getHelpFromObject" ".rs.getHelpFunction" "<Anonymous>" 
"as.list.default" "as.list" ".rs.getHelpFromObject" ".rs.getHelpFunction" "<Anonymous>" 
"isBaseNamespace" "getExportedValue" "::" "do.call" "doTryCatch" "tryCatchOne" "tryCatchList" "tryCatch" ".rs.getHelpFromObject" ".rs.getHelpFunction" "<Anonymous>" 
"doTryCatch" "tryCatchOne" "tryCatchList" "tryCatch" ".rs.getHelpFromObject" ".rs.getHelpFunction" "<Anonymous>" 
"lapply" "sapply" "RdTags" "writeSection" "Rd2HTML" "tools:::httpd" "withCallingHandlers" "suppressWarnings" ".rs.getHelp" ".rs.getHelpFromObject" ".rs.getHelpFunction" "<Anonymous>" 
"fsub" "vhtmlify" "writeLines" "writeLinesUTF8" "of1" "writeBlock" "writeContent" "writeSection" "Rd2HTML" "tools:::httpd" "withCallingHandlers" "suppressWarnings" ".rs.getHelp" ".rs.getHelpFromObject" ".rs.getHelpFunction" "<Anonymous>" 
"names" "%in%" ".rs.getHelpFromObject" ".rs.getHelpFunction" "<Anonymous>" 
"getNamespace" "asNamespace" "getExportedValue" "::" "do.call" "doTryCatch" "tryCatchOne" "tryCatchList" "tryCatch" ".rs.getHelpFromObject" ".rs.getHelpFunction" "<Anonymous>" 
"isNamespace" "asNamespace" "getExportedValue" "::" "do.call" "doTryCatch" "tryCatchOne" "tryCatchList" "tryCatch" ".rs.getHelpFromObject" ".rs.getHelpFunction" "<Anonymous>" 
"file.info" "file_test" ".read_description" "Rd2HTML" "tools:::httpd" "withCallingHandlers" "suppressWarnings" ".rs.getHelp" ".rs.getHelpFromObject" ".rs.getHelpFunction" "<Anonymous>" 
"psub" "htmlify" "utils:::getSrcByte" "isBlankLineRd" "addParaBreaks" "writeLines" "writeLinesUTF8" "of1" "writeBlock" "writeContent" "writeContent" "writeSection" "Rd2HTML" "tools:::httpd" "withCallingHandlers" "suppressWarnings" ".rs.getHelp" ".rs.getHelpFromObject" ".rs.getHelpFunction" "<Anonymous>" 
"make.callContext" "cmpCall" "cmp" "genCode" "cb$putconst" "cmpCallArgs" "cmpCallSymFun" "cmpCall" "cmp" "cmpSymbolAssign" "h" "tryInline" "cmpCall" "cmp" "h" "tryInline" "cmpCall" "cmp" "cmpForBody" "h" "tryInline" "cmpCall" "cmp" "h" "tryInline" "cmpCall" "cmp" "genCode" "cmpfun" "doTryCatch" "tryCatchOne" "tryCatchList" "tryCatch" "compiler:::tryCmpfun" ".rs.doStripSurrounding" ".rs.stripSurrounding" "parse" "doTryCatch" "tryCatchOne" "tryCatchList" "tryCatch" "withCallingHandlers" "quietly" ".rs.getAnywhere" ".rs.resolveObjectFromFunctionCall" ".rs.getCompletionsFunction" ".rs.appendCompletions" ".rs.getRCompletions" ".rs.appendCompletions" "<Anonymous>" 
"%in%" "getInlineInfo" "tryInline" "cmpCall" "cmp" "h" "tryInline" "cmpCall" "cmp" "h" "tryInline" "cmpCall" "cmp" "h" "tryInline" "cmpCall" "cmp" "genCode" "cmpfun" "doTryCatch" "tryCatchOne" "tryCatchList" "tryCatch" "compiler:::tryCmpfun" ".rs.resolveObjectFromFunctionCall" ".rs.getCompletionsArgument" ".rs.getCompletionsFunction" ".rs.appendCompletions" ".rs.getRCompletions" ".rs.appendCompletions" "<Anonymous>" 
"ls" "FUN" "lapply" ".rs.objectsOnSearchPath" ".rs.getCompletionsSearchPath" "Reduce" "<Anonymous>" 
".rs.getRChainCompletions" ".rs.appendCompletions" "<Anonymous>" 
"as.list" "mayCallBrowserList" "mayCallBrowser" "mayCallBrowserList" "mayCallBrowser" "mayCallBrowserList" "mayCallBrowser" "mayCallBrowserList" "mayCallBrowser" "mayCallBrowserList" "mayCallBrowser" "mayCallBrowserList" "mayCallBrowser" "mayCallBrowserList" "mayCallBrowser" "cmpfun" "doTryCatch" "tryCatchOne" "tryCatchList" "tryCatch" "compiler:::tryCmpfun" ".rs.getCompletionsFunction" ".rs.appendCompletions" ".rs.getRCompletions" ".rs.appendCompletions" "<Anonymous>" 
"tryInline" "cmpCall" "cmp" "cmpBuiltinArgs" "h" "tryInline" "cmpCall" "cmp" "cmpSymbolAssign" "h" "tryInline" "cmpCall" "cmp" "h" "tryInline" "cmpCall" "cmp" "h" "tryInline" "cmpCall" "cmp" "h" "tryInline" "cmpCall" "cmp" "cmpForBody" "h" "tryInline" "cmpCall" "cmp" "h" "tryInline" "cmpCall" "cmp" "h" "tryInline" "cmpCall" "cmp" "h" "tryInline" "cmpCall" "cmp" "h" "tryInline" "cmpCall" "cmp" "h" "tryInline" "cmpCall" "cmp" "genCode" "cmpfun" "doTryCatch" "tryCatchOne" "tryCatchList" "tryCatch" "compiler:::tryCmpfun" ".rs.getCompletionsFunction" ".rs.appendCompletions" ".rs.getRCompletions" ".rs.appendCompletions" "<Anonymous>" 
"findFunDef" "cmpCall" "cmp" "cmpSymbolAssign" "h" "tryInline" "cmpCall" "cmp" "h" "tryInline" "cmpCall" "cmp" "h" "tryInline" "cmpCall" "cmp" "h" "tryInline" "cmpCall" "cmp" "h" "tryInline" "cmpCall" "cmp" "h" "tryInline" "cmpCall" "cmp" "h" "tryInline" "cmpCall" "cmp" "h" "tryInline" "cmpCall" "cmp" "h" "tryInline" "cmpCall" "cmp" "genCode" "cmpfun" "doTryCatch" "tryCatchOne" "tryCatchList" "tryCatch" "compiler:::tryCmpfun" ".rs.getCompletionsFunction" ".rs.appendCompletions" ".rs.getRCompletions" ".rs.appendCompletions" "<Anonymous>" 
".rs.getCompletionsFunction" ".rs.appendCompletions" ".rs.getRCompletions" ".rs.appendCompletions" "<Anonymous>" 
"codeBufCode" "genCode" "cb$putconst" "cmpCallArgs" "cmpCallSymFun" "cmpCall" "cmp" "cmpBuiltinArgs" "cmpBuiltin" "cmpDotInternalCall" "h" "tryInline" "cmpCall" "cmp" "cmpSymbolAssign" "h" "tryInline" "cmpCall" "cmp" "h" "tryInline" "cmpCall" "cmp" "h" "tryInline" "cmpCall" "cmp" "h" "tryInline" "cmpCall" "cmp" "cmpForBody" "h" "tryInline" "cmpCall" "cmp" "h" "tryInline" "cmpCall" "cmp" "h" "tryInline" "cmpCall" "cmp" "h" "tryInline" "cmpCall" "cmp" "genCode" "cb$putconst" "cmpCallArgs" "cmpCallSymFun" "cmpCall" "cmp" "h" "tryInline" "cmpCall" "cmp" "genCode" "cmpfun" "doTryCatch" "tryCatchOne" "tryCatchList" "tryCatch" "compiler:::tryCmpfun" ".rs.resolveFormals" ".rs.getCompletionsFunction" ".rs.appendCompletions" ".rs.getRCompletions" ".rs.appendCompletions" "<Anonymous>" 
"lapply" "findLocalsList1" "findLocalsList" "funEnv" "make.functionContext" "cmpfun" "doTryCatch" "tryCatchOne" "tryCatchList" "tryCatch" "compiler:::tryCmpfun" ".rs.getCompletionsArgument" ".rs.getCompletionsFunction" ".rs.appendCompletions" ".rs.getRCompletions" ".rs.appendCompletions" "<Anonymous>" 
"exists" "findCenvVar" "getInlineInfo" "isBaseVar" "getFoldFun" "constantFoldCall" "constantFold" "cmp" "h" "tryInline" "cmpCall" "cmp" "h" "tryInline" "cmpCall" "cmp" "h" "tryInline" "cmpCall" "cmp" "h" "tryInline" "cmpCall" "cmp" "genCode" "cmpfun" "doTryCatch" "tryCatchOne" "tryCatchList" "tryCatch" "compiler:::tryCmpfun" ".rs.getCompletionsArgument" ".rs.getCompletionsFunction" ".rs.appendCompletions" ".rs.getRCompletions" ".rs.appendCompletions" "<Anonymous>" 
"exists" "findCenvVar" "findLocVar" "cmpCall" "cmp" "genCode" "cb$putconst" "cmpCallArgs" "cmpCallSymFun" "cmpCall" "cmp" "h" "tryInline" "cmpCall" "cmp" "h" "tryInline" "cmpCall" "cmp" "genCode" "cmpfun" "doTryCatch" "tryCatchOne" "tryCatchList" "tryCatch" "compiler:::tryCmpfun" ".rs.getCompletionsArgument" ".rs.getCompletionsFunction" ".rs.appendCompletions" ".rs.getRCompletions" ".rs.appendCompletions" "<Anonymous>" 
"cb$putconst" "tryInline" "cmpCall" "cmp" "h" "tryInline" "cmpCall" "cmp" "h" "tryInline" "cmpCall" "cmp" "h" "tryInline" "cmpCall" "cmp" "h" "tryInline" "cmpCall" "cmp" "h" "tryInline" "cmpCall" "cmp" "genCode" "cmpfun" "doTryCatch" "tryCatchOne" "tryCatchList" "tryCatch" "compiler:::tryCmpfun" ".rs.getCompletionsArgument" ".rs.getCompletionsFunction" ".rs.appendCompletions" ".rs.getRCompletions" ".rs.appendCompletions" "<Anonymous>" 
"ls" "FUN" "lapply" ".rs.objectsOnSearchPath" ".rs.getCompletionsSearchPath" "Reduce" "<Anonymous>" 
".Call" ".rs.isRScriptInPackageBuildTarget" "<Anonymous>" 
"$<-" "make.promiseContext" "cmpCallArgs" "cmpCallSymFun" "cmpCall" "cmp" "genCode" "cb$putconst" "cmpCallArgs" "cmpCallSymFun" "cmpCall" "cmp" "genCode" "cb$putconst" "cmpCallArgs" "cmpCallSymFun" "cmpCall" "cmp" "cmpSymbolAssign" "h" "tryInline" "cmpCall" "cmp" "h" "tryInline" "cmpCall" "cmp" "h" "tryInline" "cmpCall" "cmp" "h" "tryInline" "cmpCall" "cmp" "genCode" "cmpfun" "doTryCatch" "tryCatchOne" "tryCatchList" "tryCatch" "compiler:::tryCmpfun" ".rs.getRChainCompletions" ".rs.appendCompletions" "<Anonymous>" 
"ls" "FUN" "lapply" ".rs.objectsOnSearchPath" ".rs.getCompletionsSearchPath" "Reduce" "<Anonymous>" 
"ls" "FUN" "lapply" ".rs.objectsOnSearchPath" ".rs.getCompletionsSearchPath" "Reduce" "<Anonymous>" "readline" "welcome.default" "welcome" "mainMenu.default" "mainMenu" "resume.default" "resume" "<Anonymous>" 
"tolower" "nchar" ".rs.startsWith" ".rs.fuzzyMatches" ".rs.getCompletionsSearchPath" "Reduce" "<Anonymous>" "readline" "welcome.default" "welcome" "mainMenu.default" "mainMenu" "resume.default" "resume" "<Anonymous>" 
"ls" "FUN" "lapply" ".rs.objectsOnSearchPath" ".rs.getCompletionsSearchPath" "Reduce" "<Anonymous>" "readline" "welcome.default" "welcome" "mainMenu.default" "mainMenu" "resume.default" "resume" "<Anonymous>" 
".Call" ".rs.isRScriptInPackageBuildTarget" "<Anonymous>" "readline" "welcome.default" "welcome" "mainMenu.default" "mainMenu" "resume.default" "resume" "<Anonymous>" 
"menu" "select.list" "courseMenu.default" "courseMenu" "mainMenu.default" "mainMenu" "resume.default" "resume" "<Anonymous>" 
"menu" "select.list" "lessonMenu.default" "lessonMenu" "mainMenu.default" "mainMenu" "resume.default" "resume" "<Anonymous>" 
"menu" "select.list" "lessonMenu.default" "lessonMenu" "mainMenu.default" "mainMenu" "resume.default" "resume" "<Anonymous>" 
"menu" "select.list" "lessonMenu.default" "lessonMenu" "mainMenu.default" "mainMenu" "resume.default" "resume" "<Anonymous>" 
"c" "find.package" "file.path" "swirl_courses_dir" "courseDir.default" "courseDir" "file.path" "loadLesson.default" "loadLesson" "mainMenu.default" "mainMenu" "resume.default" "resume" "<Anonymous>" 
"scan" "read.table" "read.csv" "eval" "eval" "withVisible" "source" "<Anonymous>" "loadLesson.default" "loadLesson" "mainMenu.default" "mainMenu" "resume.default" "resume" "<Anonymous>" 
".External2" "type.convert.default" "type.convert" "read.table" "read.csv" "eval" "eval" "withVisible" "source" "<Anonymous>" "loadLesson.default" "loadLesson" "mainMenu.default" "mainMenu" "resume.default" "resume" "<Anonymous>" 
".External2" "type.convert.default" "type.convert" "read.table" "read.csv" "eval" "eval" "withVisible" "source" "<Anonymous>" "loadLesson.default" "loadLesson" "mainMenu.default" "mainMenu" "resume.default" "resume" "<Anonymous>" 
"[<-.data.frame" "[<-" "FUN" "lapply" "parse_content.yaml" "parse_content" "loadLesson.default" "loadLesson" "mainMenu.default" "mainMenu" "resume.default" "resume" "<Anonymous>" 
"%in%" "deparse" "mode" "%in%" "deparse" "paste" "force" "as.data.frame.logical" "as.data.frame" "data.frame" "FUN" "lapply" "parse_content.yaml" "parse_content" "loadLesson.default" "loadLesson" "mainMenu.default" "mainMenu" "resume.default" "resume" "<Anonymous>" 
"levels" "rbind" "rbind" "parse_content.yaml" "parse_content" "loadLesson.default" "loadLesson" "mainMenu.default" "mainMenu" "resume.default" "resume" "<Anonymous>" 
"paste" "paste0" "strwrap" "swirl_out" "post_exercise.default" "post_exercise" "present.default" "<Anonymous>" "resume.default" "resume" "<Anonymous>" 
"readline" "waitUser.default" "<Anonymous>" "resume.default" "resume" "<Anonymous>" 
"readline" "waitUser.default" "<Anonymous>" "resume.default" "resume" "<Anonymous>" 
"readline" "waitUser.default" "<Anonymous>" "resume.default" "resume" "<Anonymous>" 
"readline" "waitUser.default" "<Anonymous>" "resume.default" "resume" "<Anonymous>" 
"readline" "waitUser.default" "<Anonymous>" "resume.default" "resume" "<Anonymous>" 
"readline" "waitUser.default" "<Anonymous>" "resume.default" "resume" "<Anonymous>" 
"readline" "waitUser.default" "<Anonymous>" "resume.default" "resume" "<Anonymous>" 
"readline" "waitUser.default" "<Anonymous>" "resume.default" "resume" "<Anonymous>" 
"readline" "waitUser.default" "<Anonymous>" "resume.default" "resume" "<Anonymous>" 
"readline" "waitUser.default" "<Anonymous>" "resume.default" "resume" "<Anonymous>" 
"readline" "waitUser.default" "<Anonymous>" "resume.default" "resume" "<Anonymous>" 
"readline" "waitUser.default" "<Anonymous>" "resume.default" "resume" "<Anonymous>" 
"readline" "waitUser.default" "<Anonymous>" "resume.default" "resume" "<Anonymous>" 
"readline" "waitUser.default" "<Anonymous>" "resume.default" "resume" "<Anonymous>" 
"readline" "waitUser.default" "<Anonymous>" "resume.default" "resume" "<Anonymous>" 
"readline" "waitUser.default" "<Anonymous>" "resume.default" "resume" "<Anonymous>" 
"readline" "waitUser.default" "<Anonymous>" "resume.default" "resume" "<Anonymous>" 
"saveRDS" "withCallingHandlers" "suppressWarnings" "withCallingHandlers" "suppressMessages" "saveProgress.default" "saveProgress" "resume.default" "resume" "<Anonymous>" 
"readline" "waitUser.default" "<Anonymous>" "resume.default" "resume" "<Anonymous>" 
"paste0" "f" "%N%" "praise" "testResponse.default" "<Anonymous>" "resume.default" "resume" "<Anonymous>" 
"ls" "FUN" "lapply" ".rs.objectsOnSearchPath" ".rs.getCompletionsSearchPath" "Reduce" "<Anonymous>" 
"ls" "FUN" "lapply" ".rs.objectsOnSearchPath" ".rs.getCompletionsSearchPath" "Reduce" "<Anonymous>" 
"readline" "waitUser.default" "<Anonymous>" "resume.default" "resume" "<Anonymous>" 
"readline" "waitUser.default" "<Anonymous>" "resume.default" "resume" "<Anonymous>" 
"ls" "FUN" "lapply" ".rs.objectsOnSearchPath" ".rs.getCompletionsSearchPath" "Reduce" "<Anonymous>" 
"ls" "FUN" "lapply" ".rs.objectsOnSearchPath" ".rs.getCompletionsSearchPath" "Reduce" "<Anonymous>" 
"nchar" ".rs.startsWith" ".rs.fuzzyMatches" ".rs.getCompletionsSearchPath" "Reduce" "<Anonymous>" 
"parse" "eval" "doTryCatch" "tryCatchOne" "tryCatchList" "tryCatch" "f" "%N%" "praise" "testResponse.default" "<Anonymous>" "resume.default" "resume" "<Anonymous>" 
"readline" "waitUser.default" "<Anonymous>" "resume.default" "resume" "<Anonymous>" 
".Call" ".rs.isBrowserActive" ".rs.reticulate.replIsActive" "<Anonymous>" 
"nchar" ".rs.startsWith" ".rs.fuzzyMatches" ".rs.getCompletionsSearchPath" "Reduce" "<Anonymous>" 
"as.list" ".rs.getHelpFromObject" ".rs.getHelpFunction" "<Anonymous>" 
"do.call" "doTryCatch" "tryCatchOne" "tryCatchList" "tryCatch" ".rs.getHelpFromObject" ".rs.getHelpFunction" "<Anonymous>" 
"::" "formals" "as.list" ".rs.getHelpFromObject" ".rs.getHelpFunction" "<Anonymous>" 
"::" "do.call" "doTryCatch" "tryCatchOne" "tryCatchList" "tryCatch" ".rs.getHelpFromObject" ".rs.getHelpFunction" "<Anonymous>" 
"unlist" "strwrap" "flushBuffer" "blankLine" "Rd2txt" "tryCatchList" "tryCatch" ".Rd_get_text" ".Rd_get_title" "gsub" ".Rd_format_title" "strwrap" "Rd2HTML" "tools:::httpd" "withCallingHandlers" "suppressWarnings" ".rs.getHelp" ".rs.getHelpFromObject" ".rs.getHelpFunction" "<Anonymous>" 
".Call" ".rs.getNAMESPACEImportedSymbols" ".rs.getCompletionsNAMESPACE" "Reduce" "<Anonymous>" 
"duplicated" "which" "as.vector" "intersect" ".rs.appendCompletions" ".rs.getCompletionsFunction" ".rs.appendCompletions" ".rs.getRCompletions" ".rs.appendCompletions" "<Anonymous>" 
".rs.getCompletionsSearchPath" "Reduce" "<Anonymous>" 
"anyDuplicated" "[.data.frame" "[" "resume.default" "resume" "<Anonymous>" 
"ls" "FUN" "lapply" ".rs.objectsOnSearchPath" ".rs.getCompletionsSearchPath" "Reduce" "<Anonymous>" 
"tryCatch" ".rs.getHelpFunction" "<Anonymous>" 
"as.list.default" "as.list" ".rs.getHelpFromObject" ".rs.getHelpFunction" "<Anonymous>" 
"tryCatchOne" "tryCatchList" "tryCatch" ".rs.getHelpFromObject" ".rs.getHelpFunction" "<Anonymous>" 
"paste0" "strwrap" "flushBuffer" "blankLine" "Rd2txt" "tryCatchList" "tryCatch" ".Rd_get_text" ".Rd_get_title" "gsub" ".Rd_format_title" "strwrap" "Rd2HTML" "tools:::httpd" "withCallingHandlers" "suppressWarnings" ".rs.getHelp" ".rs.getHelpFromObject" ".rs.getHelpFunction" "<Anonymous>" 
"objects" ".rs.getHelpFromObject" ".rs.getHelpFunction" "<Anonymous>" 
".rs.getHelpFromObject" ".rs.getHelpFunction" "<Anonymous>" 
"getExportedValue" "::" "do.call" "doTryCatch" "tryCatchOne" "tryCatchList" "tryCatch" ".rs.getHelpFromObject" ".rs.getHelpFunction" "<Anonymous>" 
"::" "formals" "as.list" ".rs.getHelpFromObject" ".rs.getHelpFunction" "<Anonymous>" 
"close" "readRDS" "lazyLoadDBexec" "tools:::fetchRdDB" "utils:::.getHelpFile" "prepare_Rd" "Rd2HTML" "tools:::httpd" "withCallingHandlers" "suppressWarnings" ".rs.getHelp" ".rs.getHelpFromObject" ".rs.getHelpFunction" "<Anonymous>" 
"ls" "FUN" "lapply" ".rs.objectsOnSearchPath" ".rs.getCompletionsSearchPath" "Reduce" "<Anonymous>" 
"objects" ".rs.getHelpFromObject" ".rs.getHelpFunction" "<Anonymous>" 
".rs.getHelpFromObject" ".rs.getHelpFunction" "<Anonymous>" 
"read.dcf" "doTryCatch" "tryCatchOne" "tryCatchList" "tryCatch" ".read_description" "Rd2HTML" "tools:::httpd" "withCallingHandlers" "suppressWarnings" ".rs.getHelp" ".rs.getHelpFromObject" ".rs.getHelpFunction" "<Anonymous>" 
"ls" "FUN" "lapply" ".rs.objectsOnSearchPath" ".rs.getCompletionsSearchPath" "Reduce" "<Anonymous>" 
"saveRDS" "withCallingHandlers" "suppressWarnings" "withCallingHandlers" "suppressMessages" "saveProgress.default" "saveProgress" "resume.default" "resume" "<Anonymous>" 
"tolower" "nchar" ".rs.startsWith" ".rs.fuzzyMatches" ".rs.getCompletionsSearchPath" "Reduce" "<Anonymous>" 
"lazyLoadDBfetch" "mget" "doTryCatch" "tryCatchOne" "tryCatchList" "tryCatch" ".rs.getHelpFromObject" ".rs.getHelpFunction" "<Anonymous>" 
"lazyLoadDBfetch" "mget" "doTryCatch" "tryCatchOne" "tryCatchList" "tryCatch" ".rs.getHelpFromObject" ".rs.getHelpFunction" "<Anonymous>" 
"lazyLoadDBfetch" "mget" "doTryCatch" "tryCatchOne" "tryCatchList" "tryCatch" ".rs.getHelpFromObject" ".rs.getHelpFunction" "<Anonymous>" 
"lazyLoadDBfetch" "mget" "doTryCatch" "tryCatchOne" "tryCatchList" "tryCatch" ".rs.getHelpFromObject" ".rs.getHelpFunction" "<Anonymous>" 
"class" ".rs.getHelpFromObject" ".rs.getHelpFunction" "<Anonymous>" 
"fsub" "htmlify" "utils:::getSrcByte" "isBlankLineRd" "addParaBreaks" "writeLines" "writeLinesUTF8" "of1" "writeBlock" "writeContent" "writeContent" "writeSection" "Rd2HTML" "tools:::httpd" "withCallingHandlers" "suppressWarnings" ".rs.getHelp" ".rs.getHelpFromObject" ".rs.getHelpFunction" "<Anonymous>" 
"get" ":::" "addParaBreaks" "writeLines" "writeLinesUTF8" "of1" "writeBlock" "writeContent" "writeSection" "Rd2HTML" "tools:::httpd" "withCallingHandlers" "suppressWarnings" ".rs.getHelp" ".rs.getHelpFromObject" ".rs.getHelpFunction" "<Anonymous>" 
"unique" "simplify2array" "sapply" "RdTags" "writeContent" "writeWrapped" "writeBlock" "writeTabular" "writeBlock" "writeContent" "writeSection" "Rd2HTML" "tools:::httpd" "withCallingHandlers" "suppressWarnings" ".rs.getHelp" ".rs.getHelpFromObject" ".rs.getHelpFunction" "<Anonymous>" 
"ls" "FUN" "lapply" ".rs.objectsOnSearchPath" ".rs.getCompletionsSearchPath" "Reduce" "<Anonymous>" 
"structure" "expectation_legacy" "<Anonymous>" "resume.default" "resume" "<Anonymous>" 
"stri_c" "str_c" "swirl_out" "post_exercise.default" "post_exercise" "present.default" "<Anonymous>" "resume.default" "resume" "<Anonymous>" 
"ls" "FUN" "lapply" ".rs.objectsOnSearchPath" ".rs.getCompletionsSearchPath" "Reduce" "<Anonymous>" 
".Call" ".rs.getNAMESPACEImportedSymbols" ".rs.getCompletionsNAMESPACE" "Reduce" "<Anonymous>" 
"gsub" ".rs.fuzzyMatches" ".rs.getCompletionsSearchPath" "Reduce" "<Anonymous>" 
".Call" ".rs.finishExpression" "parse" "doTryCatch" "tryCatchOne" "tryCatchList" "tryCatch" "<Anonymous>" 
"substring" ".rs.startsWith" ".rs.fuzzyMatches" ".rs.getCompletionsSearchPath" "Reduce" "<Anonymous>" 
"ls" "FUN" "lapply" ".rs.objectsOnSearchPath" ".rs.getCompletionsSearchPath" "Reduce" "<Anonymous>" 
"nchar" ".rs.startsWith" ".rs.fuzzyMatches" ".rs.getCompletionsSearchPath" "Reduce" "<Anonymous>" 
"cat" "pb$up" "setTxtProgressBar" "post_progress.default" "post_progress" "resume.default" "resume" "<Anonymous>" 
"readline" "waitUser.default" "<Anonymous>" "resume.default" "resume" "<Anonymous>" 
"readline" "waitUser.default" "<Anonymous>" "resume.default" "resume" "<Anonymous>" 
"readline" "waitUser.default" "<Anonymous>" "resume.default" "resume" "<Anonymous>" 
"readline" "waitUser.default" "<Anonymous>" "resume.default" "resume" "<Anonymous>" 
"readline" "waitUser.default" "<Anonymous>" "resume.default" "resume" "<Anonymous>" 
"readline" "waitUser.default" "<Anonymous>" "resume.default" "resume" "<Anonymous>" 
"readline" "waitUser.default" "<Anonymous>" "resume.default" "resume" "<Anonymous>" 
"readline" "waitUser.default" "<Anonymous>" "resume.default" "resume" "<Anonymous>" 
"readline" "waitUser.default" "<Anonymous>" "resume.default" "resume" "<Anonymous>" 
"readline" "waitUser.default" "<Anonymous>" "resume.default" "resume" "<Anonymous>" 
"readline" "waitUser.default" "<Anonymous>" "resume.default" "resume" "<Anonymous>" 
"readline" "waitUser.default" "<Anonymous>" "resume.default" "resume" "<Anonymous>" 
"readline" "waitUser.default" "<Anonymous>" "resume.default" "resume" "<Anonymous>" 
"readline" "waitUser.default" "<Anonymous>" "resume.default" "resume" "<Anonymous>" 
"readline" "waitUser.default" "<Anonymous>" "resume.default" "resume" "<Anonymous>" 
"readline" "waitUser.default" "<Anonymous>" "resume.default" "resume" "<Anonymous>" 
"readline" "waitUser.default" "<Anonymous>" "resume.default" "resume" "<Anonymous>" 
"readline" "waitUser.default" "<Anonymous>" "resume.default" "resume" "<Anonymous>" 
"readline" "waitUser.default" "<Anonymous>" "resume.default" "resume" "<Anonymous>" 
"readline" "waitUser.default" "<Anonymous>" "resume.default" "resume" "<Anonymous>" 
"readline" "waitUser.default" "<Anonymous>" "resume.default" "resume" "<Anonymous>" 
"readline" "waitUser.default" "<Anonymous>" "resume.default" "resume" "<Anonymous>" 
"readline" "waitUser.default" "<Anonymous>" "resume.default" "resume" "<Anonymous>" 
"readline" "waitUser.default" "<Anonymous>" "resume.default" "resume" "<Anonymous>" 
"readline" "waitUser.default" "<Anonymous>" "resume.default" "resume" "<Anonymous>" 
"readline" "waitUser.default" "<Anonymous>" "resume.default" "resume" "<Anonymous>" 
"readline" "waitUser.default" "<Anonymous>" "resume.default" "resume" "<Anonymous>" 
"readline" "waitUser.default" "<Anonymous>" "resume.default" "resume" "<Anonymous>" 
"readline" "waitUser.default" "<Anonymous>" "resume.default" "resume" "<Anonymous>" 
"readline" "waitUser.default" "<Anonymous>" "resume.default" "resume" "<Anonymous>" 
"readline" "waitUser.default" "<Anonymous>" "resume.default" "resume" "<Anonymous>" 
"readline" "waitUser.default" "<Anonymous>" "resume.default" "resume" "<Anonymous>" 
"readline" "waitUser.default" "<Anonymous>" "resume.default" "resume" "<Anonymous>" 
"readline" "waitUser.default" "<Anonymous>" "resume.default" "resume" "<Anonymous>" 
"readline" "waitUser.default" "<Anonymous>" "resume.default" "resume" "<Anonymous>" 
"readline" "waitUser.default" "<Anonymous>" "resume.default" "resume" "<Anonymous>" 
"readline" "waitUser.default" "<Anonymous>" "resume.default" "resume" "<Anonymous>" 
"readline" "waitUser.default" "<Anonymous>" "resume.default" "resume" "<Anonymous>" 
"readline" "waitUser.default" "<Anonymous>" "resume.default" "resume" "<Anonymous>" 
"readline" "waitUser.default" "<Anonymous>" "resume.default" "resume" "<Anonymous>" 
"readline" "waitUser.default" "<Anonymous>" "resume.default" "resume" "<Anonymous>" 
"readline" "waitUser.default" "<Anonymous>" "resume.default" "resume" "<Anonymous>" 
"readline" "waitUser.default" "<Anonymous>" "resume.default" "resume" "<Anonymous>" 
"readline" "waitUser.default" "<Anonymous>" "resume.default" "resume" "<Anonymous>" 
"readline" "waitUser.default" "<Anonymous>" "resume.default" "resume" "<Anonymous>" 
"readline" "waitUser.default" "<Anonymous>" "resume.default" "resume" "<Anonymous>" 
"readline" "waitUser.default" "<Anonymous>" "resume.default" "resume" "<Anonymous>" 
"readline" "waitUser.default" "<Anonymous>" "resume.default" "resume" "<Anonymous>" 
"readline" "waitUser.default" "<Anonymous>" "resume.default" "resume" "<Anonymous>" 
"readline" "waitUser.default" "<Anonymous>" "resume.default" "resume" "<Anonymous>" 
"readline" "waitUser.default" "<Anonymous>" "resume.default" "resume" "<Anonymous>" 
"readline" "waitUser.default" "<Anonymous>" "resume.default" "resume" "<Anonymous>" 
"readline" "waitUser.default" "<Anonymous>" "resume.default" "resume" "<Anonymous>" 
"readline" "waitUser.default" "<Anonymous>" "resume.default" "resume" "<Anonymous>" 
"readline" "waitUser.default" "<Anonymous>" "resume.default" "resume" "<Anonymous>" 
"readline" "waitUser.default" "<Anonymous>" "resume.default" "resume" "<Anonymous>" 
"readline" "waitUser.default" "<Anonymous>" "resume.default" "resume" "<Anonymous>" 
"readline" "waitUser.default" "<Anonymous>" "resume.default" "resume" "<Anonymous>" 
"readline" "waitUser.default" "<Anonymous>" "resume.default" "resume" "<Anonymous>" 
"readline" "waitUser.default" "<Anonymous>" "resume.default" "resume" "<Anonymous>" 
"readline" "waitUser.default" "<Anonymous>" "resume.default" "resume" "<Anonymous>" 
"readline" "waitUser.default" "<Anonymous>" "resume.default" "resume" "<Anonymous>" 
"readline" "waitUser.default" "<Anonymous>" "resume.default" "resume" "<Anonymous>" 
"readline" "waitUser.default" "<Anonymous>" "resume.default" "resume" "<Anonymous>" 
"readline" "waitUser.default" "<Anonymous>" "resume.default" "resume" "<Anonymous>" 
"readline" "waitUser.default" "<Anonymous>" "resume.default" "resume" "<Anonymous>" 
"readline" "waitUser.default" "<Anonymous>" "resume.default" "resume" "<Anonymous>" 
"readline" "waitUser.default" "<Anonymous>" "resume.default" "resume" "<Anonymous>" 
"readline" "waitUser.default" "<Anonymous>" "resume.default" "resume" "<Anonymous>" 
"readline" "waitUser.default" "<Anonymous>" "resume.default" "resume" "<Anonymous>" 
"readline" "waitUser.default" "<Anonymous>" "resume.default" "resume" "<Anonymous>" 
"readline" "waitUser.default" "<Anonymous>" "resume.default" "resume" "<Anonymous>" 
"readline" "waitUser.default" "<Anonymous>" "resume.default" "resume" "<Anonymous>" 
"readline" "waitUser.default" "<Anonymous>" "resume.default" "resume" "<Anonymous>" 
"readline" "waitUser.default" "<Anonymous>" "resume.default" "resume" "<Anonymous>" 
"readline" "waitUser.default" "<Anonymous>" "resume.default" "resume" "<Anonymous>" 
"readline" "waitUser.default" "<Anonymous>" "resume.default" "resume" "<Anonymous>" 
"readline" "waitUser.default" "<Anonymous>" "resume.default" "resume" "<Anonymous>" 
"readline" "waitUser.default" "<Anonymous>" "resume.default" "resume" "<Anonymous>" 
"readline" "waitUser.default" "<Anonymous>" "resume.default" "resume" "<Anonymous>" 
"readline" "waitUser.default" "<Anonymous>" "resume.default" "resume" "<Anonymous>" 
"saveRDS" "withCallingHandlers" "suppressWarnings" "withCallingHandlers" "suppressMessages" "saveProgress.default" "saveProgress" "resume.default" "resume" "<Anonymous>" 
"ls" "FUN" "lapply" ".rs.objectsOnSearchPath" ".rs.getCompletionsSearchPath" "Reduce" "<Anonymous>" 
"gsub" ".rs.fuzzyMatches" ".rs.getCompletionsSearchPath" "Reduce" "<Anonymous>" 
"ls" "FUN" "lapply" ".rs.objectsOnSearchPath" ".rs.getCompletionsSearchPath" "Reduce" "<Anonymous>" 
"nchar" ".rs.startsWith" ".rs.fuzzyMatches" ".rs.getCompletionsSearchPath" "Reduce" "<Anonymous>" 
"structure" "format" "format.factor" "format" "format.data.frame" "as.matrix" "print.data.frame" "print" "capture.output" "safeEval" "mergeLists" "resume.default" "resume" "<Anonymous>" 
"saveRDS" "withCallingHandlers" "suppressWarnings" "withCallingHandlers" "suppressMessages" "saveProgress.default" "saveProgress" "resume.default" "resume" "<Anonymous>" 
"readline" "waitUser.default" "<Anonymous>" "resume.default" "resume" "<Anonymous>" 
"readline" "waitUser.default" "<Anonymous>" "resume.default" "resume" "<Anonymous>" 
"readline" "waitUser.default" "<Anonymous>" "resume.default" "resume" "<Anonymous>" 
"readline" "waitUser.default" "<Anonymous>" "resume.default" "resume" "<Anonymous>" 
"readline" "waitUser.default" "<Anonymous>" "resume.default" "resume" "<Anonymous>" 
"readline" "waitUser.default" "<Anonymous>" "resume.default" "resume" "<Anonymous>" 
"readline" "waitUser.default" "<Anonymous>" "resume.default" "resume" "<Anonymous>" 
"readline" "waitUser.default" "<Anonymous>" "resume.default" "resume" "<Anonymous>" 
"readline" "waitUser.default" "<Anonymous>" "resume.default" "resume" "<Anonymous>" 
"readline" "waitUser.default" "<Anonymous>" "resume.default" "resume" "<Anonymous>" 
"readline" "waitUser.default" "<Anonymous>" "resume.default" "resume" "<Anonymous>" 
"readline" "waitUser.default" "<Anonymous>" "resume.default" "resume" "<Anonymous>" 
"readline" "waitUser.default" "<Anonymous>" "resume.default" "resume" "<Anonymous>" 
"readline" "waitUser.default" "<Anonymous>" "resume.default" "resume" "<Anonymous>" 
"readline" "waitUser.default" "<Anonymous>" "resume.default" "resume" "<Anonymous>" 
"readline" "waitUser.default" "<Anonymous>" "resume.default" "resume" "<Anonymous>" 
"readline" "waitUser.default" "<Anonymous>" "resume.default" "resume" "<Anonymous>" 
"readline" "waitUser.default" "<Anonymous>" "resume.default" "resume" "<Anonymous>" 
"readline" "waitUser.default" "<Anonymous>" "resume.default" "resume" "<Anonymous>" 
"readline" "waitUser.default" "<Anonymous>" "resume.default" "resume" "<Anonymous>" 
"readline" "waitUser.default" "<Anonymous>" "resume.default" "resume" "<Anonymous>" 
"readline" "waitUser.default" "<Anonymous>" "resume.default" "resume" "<Anonymous>" 
"readline" "waitUser.default" "<Anonymous>" "resume.default" "resume" "<Anonymous>" 
"readline" "waitUser.default" "<Anonymous>" "resume.default" "resume" "<Anonymous>" 
"readline" "waitUser.default" "<Anonymous>" "resume.default" "resume" "<Anonymous>" 
"readline" "waitUser.default" "<Anonymous>" "resume.default" "resume" "<Anonymous>" 
"readline" "waitUser.default" "<Anonymous>" "resume.default" "resume" "<Anonymous>" 
"readline" "waitUser.default" "<Anonymous>" "resume.default" "resume" "<Anonymous>" 
"readline" "waitUser.default" "<Anonymous>" "resume.default" "resume" "<Anonymous>" 
"readline" "waitUser.default" "<Anonymous>" "resume.default" "resume" "<Anonymous>" 
"readline" "waitUser.default" "<Anonymous>" "resume.default" "resume" "<Anonymous>" 
"readline" "waitUser.default" "<Anonymous>" "resume.default" "resume" "<Anonymous>" 
"readline" "waitUser.default" "<Anonymous>" "resume.default" "resume" "<Anonymous>" 
"readline" "waitUser.default" "<Anonymous>" "resume.default" "resume" "<Anonymous>" 
"readline" "waitUser.default" "<Anonymous>" "resume.default" "resume" "<Anonymous>" 
"readline" "waitUser.default" "<Anonymous>" "resume.default" "resume" "<Anonymous>" 
"readline" "waitUser.default" "<Anonymous>" "resume.default" "resume" "<Anonymous>" 
"readline" "waitUser.default" "<Anonymous>" "resume.default" "resume" "<Anonymous>" 
"readline" "waitUser.default" "<Anonymous>" "resume.default" "resume" "<Anonymous>" 
"readline" "waitUser.default" "<Anonymous>" "resume.default" "resume" "<Anonymous>" 
"readline" "waitUser.default" "<Anonymous>" "resume.default" "resume" "<Anonymous>" 
"readline" "waitUser.default" "<Anonymous>" "resume.default" "resume" "<Anonymous>" 
"readline" "waitUser.default" "<Anonymous>" "resume.default" "resume" "<Anonymous>" 
"readline" "waitUser.default" "<Anonymous>" "resume.default" "resume" "<Anonymous>" 
"readline" "waitUser.default" "<Anonymous>" "resume.default" "resume" "<Anonymous>" 
"readline" "waitUser.default" "<Anonymous>" "resume.default" "resume" "<Anonymous>" 
"readline" "waitUser.default" "<Anonymous>" "resume.default" "resume" "<Anonymous>" 
"readline" "waitUser.default" "<Anonymous>" "resume.default" "resume" "<Anonymous>" 
"readline" "waitUser.default" "<Anonymous>" "resume.default" "resume" "<Anonymous>" 
"readline" "waitUser.default" "<Anonymous>" "resume.default" "resume" "<Anonymous>" 
"readline" "waitUser.default" "<Anonymous>" "resume.default" "resume" "<Anonymous>" 
"readline" "waitUser.default" "<Anonymous>" "resume.default" "resume" "<Anonymous>" 
"readline" "waitUser.default" "<Anonymous>" "resume.default" "resume" "<Anonymous>" 
"readline" "waitUser.default" "<Anonymous>" "resume.default" "resume" "<Anonymous>" 
